# JRE version: OpenJDK Runtime Environment Temurin-21.0.8+9 (21.0.8+9) (build 21.0.8+9-LTS)
# Java VM: OpenJDK 64-Bit Server VM Temurin-21.0.8+9 (21.0.8+9-LTS, mixed mode, sharing, tiered, compressed oops, compressed class ptrs, parallel gc, windows-amd64)
GC Precious Log:
 CardTable entry size: 512
 CPUs: 12 total, 12 available
 Memory: 7876M
 Large Page Support: Disabled
 NUMA Support: Disabled
 Compressed Oops: Enabled (32-bit)
 Alignments: Space 512K, Generation 512K, Heap 2M
 Heap Min Capacity: 100M
 Heap Initial Capacity: 100M
 Heap Max Capacity: 2G
 Pre-touch: Disabled
 Parallel Workers: 10
Heap:
 PSYoungGen      total 22016K, used 11074K [0x00000000d5580000, 0x00000000d7080000, 0x0000000100000000)
  eden space 18432K, 41% used [0x00000000d5580000,0x00000000d5d0dde8,0x00000000d6780000)
  from space 3584K, 93% used [0x00000000d6d00000,0x00000000d7042d48,0x00000000d7080000)
  to   space 4096K, 0% used [0x00000000d6880000,0x00000000d6880000,0x00000000d6c80000)
 ParOldGen       total 68608K, used 44862K [0x0000000080000000, 0x0000000084300000, 0x00000000d5580000)
  object space 68608K, 65% used [0x0000000080000000,0x0000000082bcf900,0x0000000084300000)
 Metaspace       used 59914K, committed 61248K, reserved 1114112K
  class space    used 6420K, committed 7040K, reserved 1048576K
GC Heap History (20 events):
Event: 35.502 GC heap before
{Heap before GC invocations=29 (full 2):
 PSYoungGen      total 20480K, used 20056K [0x00000000d5580000, 0x00000000d6b80000, 0x0000000100000000)
  eden space 18432K, 100% used [0x00000000d5580000,0x00000000d6780000,0x00000000d6780000)
  from space 2048K, 79% used [0x00000000d6980000,0x00000000d6b16200,0x00000000d6b80000)
  to   space 2048K, 0% used [0x00000000d6780000,0x00000000d6780000,0x00000000d6980000)
 ParOldGen       total 68608K, used 35760K [0x0000000080000000, 0x0000000084300000, 0x00000000d5580000)
  object space 68608K, 52% used [0x0000000080000000,0x00000000822ec198,0x0000000084300000)
 Metaspace       used 48176K, committed 49280K, reserved 1114112K
  class space    used 5206K, committed 5696K, reserved 1048576K
}
Event: 35.507 GC heap after
{Heap after GC invocations=29 (full 2):
 PSYoungGen      total 20480K, used 2048K [0x00000000d5580000, 0x00000000d7280000, 0x0000000100000000)
  eden space 18432K, 0% used [0x00000000d5580000,0x00000000d5580000,0x00000000d6780000)
  from space 2048K, 100% used [0x00000000d6780000,0x00000000d6980000,0x00000000d6980000)
  to   space 5632K, 0% used [0x00000000d6d00000,0x00000000d6d00000,0x00000000d7280000)
 ParOldGen       total 68608K, used 38376K [0x0000000080000000, 0x0000000084300000, 0x00000000d5580000)
  object space 68608K, 55% used [0x0000000080000000,0x000000008257a398,0x0000000084300000)
 Metaspace       used 48176K, committed 49280K, reserved 1114112K
  class space    used 5206K, committed 5696K, reserved 1048576K
}
Event: 36.135 GC heap before
{Heap before GC invocations=30 (full 2):
 PSYoungGen      total 20480K, used 20480K [0x00000000d5580000, 0x00000000d7280000, 0x0000000100000000)
  eden space 18432K, 100% used [0x00000000d5580000,0x00000000d6780000,0x00000000d6780000)
  from space 2048K, 100% used [0x00000000d6780000,0x00000000d6980000,0x00000000d6980000)
  to   space 5632K, 0% used [0x00000000d6d00000,0x00000000d6d00000,0x00000000d7280000)
 ParOldGen       total 68608K, used 38376K [0x0000000080000000, 0x0000000084300000, 0x00000000d5580000)
  object space 68608K, 55% used [0x0000000080000000,0x000000008257a398,0x0000000084300000)
 Metaspace       used 49956K, committed 51136K, reserved 1114112K
  class space    used 5421K, committed 5952K, reserved 1048576K
}
Event: 36.138 GC heap after
{Heap after GC invocations=30 (full 2):
 PSYoungGen      total 19968K, used 1204K [0x00000000d5580000, 0x00000000d6e80000, 0x0000000100000000)
  eden space 18432K, 0% used [0x00000000d5580000,0x00000000d5580000,0x00000000d6780000)
  from space 1536K, 78% used [0x00000000d6d00000,0x00000000d6e2d3c8,0x00000000d6e80000)
  to   space 2560K, 0% used [0x00000000d6980000,0x00000000d6980000,0x00000000d6c00000)
 ParOldGen       total 68608K, used 40475K [0x0000000080000000, 0x0000000084300000, 0x00000000d5580000)
  object space 68608K, 58% used [0x0000000080000000,0x0000000082786d60,0x0000000084300000)
 Metaspace       used 49956K, committed 51136K, reserved 1114112K
  class space    used 5421K, committed 5952K, reserved 1048576K
}
Event: 36.849 GC heap before
{Heap before GC invocations=31 (full 2):
 PSYoungGen      total 19968K, used 19636K [0x00000000d5580000, 0x00000000d6e80000, 0x0000000100000000)
  eden space 18432K, 100% used [0x00000000d5580000,0x00000000d6780000,0x00000000d6780000)
  from space 1536K, 78% used [0x00000000d6d00000,0x00000000d6e2d3c8,0x00000000d6e80000)
  to   space 2560K, 0% used [0x00000000d6980000,0x00000000d6980000,0x00000000d6c00000)
 ParOldGen       total 68608K, used 40475K [0x0000000080000000, 0x0000000084300000, 0x00000000d5580000)
  object space 68608K, 58% used [0x0000000080000000,0x0000000082786d60,0x0000000084300000)
 Metaspace       used 50876K, committed 52032K, reserved 1114112K
  class space    used 5521K, committed 6016K, reserved 1048576K
}
Event: 36.851 GC heap after
{Heap after GC invocations=31 (full 2):
 PSYoungGen      total 20992K, used 512K [0x00000000d5580000, 0x00000000d6d80000, 0x0000000100000000)
  eden space 18432K, 0% used [0x00000000d5580000,0x00000000d5580000,0x00000000d6780000)
  from space 2560K, 20% used [0x00000000d6980000,0x00000000d6a00010,0x00000000d6c00000)
  to   space 1024K, 0% used [0x00000000d6c80000,0x00000000d6c80000,0x00000000d6d80000)
 ParOldGen       total 68608K, used 41481K [0x0000000080000000, 0x0000000084300000, 0x00000000d5580000)
  object space 68608K, 60% used [0x0000000080000000,0x0000000082882680,0x0000000084300000)
 Metaspace       used 50876K, committed 52032K, reserved 1114112K
  class space    used 5521K, committed 6016K, reserved 1048576K
}
Event: 36.992 GC heap before
{Heap before GC invocations=32 (full 2):
 PSYoungGen      total 20992K, used 18944K [0x00000000d5580000, 0x00000000d6d80000, 0x0000000100000000)
  eden space 18432K, 100% used [0x00000000d5580000,0x00000000d6780000,0x00000000d6780000)
  from space 2560K, 20% used [0x00000000d6980000,0x00000000d6a00010,0x00000000d6c00000)
  to   space 1024K, 0% used [0x00000000d6c80000,0x00000000d6c80000,0x00000000d6d80000)
 ParOldGen       total 68608K, used 41481K [0x0000000080000000, 0x0000000084300000, 0x00000000d5580000)
  object space 68608K, 60% used [0x0000000080000000,0x0000000082882680,0x0000000084300000)
 Metaspace       used 51616K, committed 52864K, reserved 1114112K
  class space    used 5586K, committed 6144K, reserved 1048576K
}
Event: 36.996 GC heap after
{Heap after GC invocations=32 (full 2):
 PSYoungGen      total 19456K, used 1006K [0x00000000d5580000, 0x00000000d6d80000, 0x0000000100000000)
  eden space 18432K, 0% used [0x00000000d5580000,0x00000000d5580000,0x00000000d6780000)
  from space 1024K, 98% used [0x00000000d6c80000,0x00000000d6d7b9d0,0x00000000d6d80000)
  to   space 2560K, 0% used [0x00000000d6880000,0x00000000d6880000,0x00000000d6b00000)
 ParOldGen       total 68608K, used 42333K [0x0000000080000000, 0x0000000084300000, 0x00000000d5580000)
  object space 68608K, 61% used [0x0000000080000000,0x0000000082957680,0x0000000084300000)
 Metaspace       used 51616K, committed 52864K, reserved 1114112K
  class space    used 5586K, committed 6144K, reserved 1048576K
}
Event: 37.067 GC heap before
{Heap before GC invocations=33 (full 2):
 PSYoungGen      total 19456K, used 19435K [0x00000000d5580000, 0x00000000d6d80000, 0x0000000100000000)
  eden space 18432K, 99% used [0x00000000d5580000,0x00000000d677f258,0x00000000d6780000)
  from space 1024K, 98% used [0x00000000d6c80000,0x00000000d6d7b9d0,0x00000000d6d80000)
  to   space 2560K, 0% used [0x00000000d6880000,0x00000000d6880000,0x00000000d6b00000)
 ParOldGen       total 68608K, used 42333K [0x0000000080000000, 0x0000000084300000, 0x00000000d5580000)
  object space 68608K, 61% used [0x0000000080000000,0x0000000082957680,0x0000000084300000)
 Metaspace       used 51637K, committed 52864K, reserved 1114112K
  class space    used 5586K, committed 6144K, reserved 1048576K
}
Event: 37.069 GC heap after
{Heap after GC invocations=33 (full 2):
 PSYoungGen      total 20992K, used 461K [0x00000000d5580000, 0x00000000d6d00000, 0x0000000100000000)
  eden space 18432K, 0% used [0x00000000d5580000,0x00000000d5580000,0x00000000d6780000)
  from space 2560K, 18% used [0x00000000d6880000,0x00000000d68f3718,0x00000000d6b00000)
  to   space 1024K, 0% used [0x00000000d6c00000,0x00000000d6c00000,0x00000000d6d00000)
 ParOldGen       total 68608K, used 43194K [0x0000000080000000, 0x0000000084300000, 0x00000000d5580000)
  object space 68608K, 62% used [0x0000000080000000,0x0000000082a2e8e8,0x0000000084300000)
 Metaspace       used 51637K, committed 52864K, reserved 1114112K
  class space    used 5586K, committed 6144K, reserved 1048576K
}
Event: 37.617 GC heap before
{Heap before GC invocations=34 (full 2):
 PSYoungGen      total 20992K, used 18893K [0x00000000d5580000, 0x00000000d6d00000, 0x0000000100000000)
  eden space 18432K, 100% used [0x00000000d5580000,0x00000000d6780000,0x00000000d6780000)
  from space 2560K, 18% used [0x00000000d6880000,0x00000000d68f3718,0x00000000d6b00000)
  to   space 1024K, 0% used [0x00000000d6c00000,0x00000000d6c00000,0x00000000d6d00000)
 ParOldGen       total 68608K, used 43194K [0x0000000080000000, 0x0000000084300000, 0x00000000d5580000)
  object space 68608K, 62% used [0x0000000080000000,0x0000000082a2e8e8,0x0000000084300000)
 Metaspace       used 53837K, committed 55104K, reserved 1114112K
  class space    used 5769K, committed 6336K, reserved 1048576K
}
Event: 37.618 GC heap after
{Heap after GC invocations=34 (full 2):
 PSYoungGen      total 19456K, used 930K [0x00000000d5580000, 0x00000000d6d00000, 0x0000000100000000)
  eden space 18432K, 0% used [0x00000000d5580000,0x00000000d5580000,0x00000000d6780000)
  from space 1024K, 90% used [0x00000000d6c00000,0x00000000d6ce8bc0,0x00000000d6d00000)
  to   space 1536K, 0% used [0x00000000d6a00000,0x00000000d6a00000,0x00000000d6b80000)
 ParOldGen       total 68608K, used 43362K [0x0000000080000000, 0x0000000084300000, 0x00000000d5580000)
  object space 68608K, 63% used [0x0000000080000000,0x0000000082a588e8,0x0000000084300000)
 Metaspace       used 53837K, committed 55104K, reserved 1114112K
  class space    used 5769K, committed 6336K, reserved 1048576K
}
Event: 38.253 GC heap before
{Heap before GC invocations=35 (full 2):
 PSYoungGen      total 19456K, used 19362K [0x00000000d5580000, 0x00000000d6d00000, 0x0000000100000000)
  eden space 18432K, 100% used [0x00000000d5580000,0x00000000d6780000,0x00000000d6780000)
  from space 1024K, 90% used [0x00000000d6c00000,0x00000000d6ce8bc0,0x00000000d6d00000)
  to   space 1536K, 0% used [0x00000000d6a00000,0x00000000d6a00000,0x00000000d6b80000)
 ParOldGen       total 68608K, used 43362K [0x0000000080000000, 0x0000000084300000, 0x00000000d5580000)
  object space 68608K, 63% used [0x0000000080000000,0x0000000082a588e8,0x0000000084300000)
 Metaspace       used 56148K, committed 57472K, reserved 1114112K
  class space    used 6033K, committed 6656K, reserved 1048576K
}
Event: 38.256 GC heap after
{Heap after GC invocations=35 (full 2):
 PSYoungGen      total 19968K, used 928K [0x00000000d5580000, 0x00000000d6c80000, 0x0000000100000000)
  eden space 18432K, 0% used [0x00000000d5580000,0x00000000d5580000,0x00000000d6780000)
  from space 1536K, 60% used [0x00000000d6a00000,0x00000000d6ae8010,0x00000000d6b80000)
  to   space 1024K, 0% used [0x00000000d6b80000,0x00000000d6b80000,0x00000000d6c80000)
 ParOldGen       total 68608K, used 43769K [0x0000000080000000, 0x0000000084300000, 0x00000000d5580000)
  object space 68608K, 63% used [0x0000000080000000,0x0000000082abe470,0x0000000084300000)
 Metaspace       used 56148K, committed 57472K, reserved 1114112K
  class space    used 6033K, committed 6656K, reserved 1048576K
}
Event: 38.699 GC heap before
{Heap before GC invocations=36 (full 2):
 PSYoungGen      total 19968K, used 19356K [0x00000000d5580000, 0x00000000d6c80000, 0x0000000100000000)
  eden space 18432K, 99% used [0x00000000d5580000,0x00000000d677f358,0x00000000d6780000)
  from space 1536K, 60% used [0x00000000d6a00000,0x00000000d6ae8010,0x00000000d6b80000)
  to   space 1024K, 0% used [0x00000000d6b80000,0x00000000d6b80000,0x00000000d6c80000)
 ParOldGen       total 68608K, used 43769K [0x0000000080000000, 0x0000000084300000, 0x00000000d5580000)
  object space 68608K, 63% used [0x0000000080000000,0x0000000082abe470,0x0000000084300000)
 Metaspace       used 57873K, committed 59200K, reserved 1114112K
  class space    used 6210K, committed 6784K, reserved 1048576K
}
Event: 38.702 GC heap after
{Heap after GC invocations=36 (full 2):
 PSYoungGen      total 19456K, used 1012K [0x00000000d5580000, 0x00000000d6c80000, 0x0000000100000000)
  eden space 18432K, 0% used [0x00000000d5580000,0x00000000d5580000,0x00000000d6780000)
  from space 1024K, 98% used [0x00000000d6b80000,0x00000000d6c7d250,0x00000000d6c80000)
  to   space 2560K, 0% used [0x00000000d6780000,0x00000000d6780000,0x00000000d6a00000)
 ParOldGen       total 68608K, used 45024K [0x0000000080000000, 0x0000000084300000, 0x00000000d5580000)
  object space 68608K, 65% used [0x0000000080000000,0x0000000082bf8080,0x0000000084300000)
 Metaspace       used 57873K, committed 59200K, reserved 1114112K
  class space    used 6210K, committed 6784K, reserved 1048576K
}
Event: 38.769 GC heap before
{Heap before GC invocations=37 (full 2):
 PSYoungGen      total 19456K, used 8750K [0x00000000d5580000, 0x00000000d6c80000, 0x0000000100000000)
  eden space 18432K, 41% used [0x00000000d5580000,0x00000000d5d0e5c0,0x00000000d6780000)
  from space 1024K, 98% used [0x00000000d6b80000,0x00000000d6c7d250,0x00000000d6c80000)
  to   space 2560K, 0% used [0x00000000d6780000,0x00000000d6780000,0x00000000d6a00000)
 ParOldGen       total 68608K, used 45024K [0x0000000080000000, 0x0000000084300000, 0x00000000d5580000)
  object space 68608K, 65% used [0x0000000080000000,0x0000000082bf8080,0x0000000084300000)
 Metaspace       used 58441K, committed 59776K, reserved 1114112K
  class space    used 6261K, committed 6848K, reserved 1048576K
}
Event: 38.773 GC heap after
{Heap after GC invocations=37 (full 2):
 PSYoungGen      total 20992K, used 2538K [0x00000000d5580000, 0x00000000d7280000, 0x0000000100000000)
  eden space 18432K, 0% used [0x00000000d5580000,0x00000000d5580000,0x00000000d6780000)
  from space 2560K, 99% used [0x00000000d6780000,0x00000000d69fa980,0x00000000d6a00000)
  to   space 5632K, 0% used [0x00000000d6d00000,0x00000000d6d00000,0x00000000d7280000)
 ParOldGen       total 68608K, used 47505K [0x0000000080000000, 0x0000000084300000, 0x00000000d5580000)
  object space 68608K, 69% used [0x0000000080000000,0x0000000082e64448,0x0000000084300000)
 Metaspace       used 58441K, committed 59776K, reserved 1114112K
  class space    used 6261K, committed 6848K, reserved 1048576K
}
Event: 38.773 GC heap before
{Heap before GC invocations=38 (full 3):
 PSYoungGen      total 20992K, used 2538K [0x00000000d5580000, 0x00000000d7280000, 0x0000000100000000)
  eden space 18432K, 0% used [0x00000000d5580000,0x00000000d5580000,0x00000000d6780000)
  from space 2560K, 99% used [0x00000000d6780000,0x00000000d69fa980,0x00000000d6a00000)
  to   space 5632K, 0% used [0x00000000d6d00000,0x00000000d6d00000,0x00000000d7280000)
 ParOldGen       total 68608K, used 47505K [0x0000000080000000, 0x0000000084300000, 0x00000000d5580000)
  object space 68608K, 69% used [0x0000000080000000,0x0000000082e64448,0x0000000084300000)
 Metaspace       used 58441K, committed 59776K, reserved 1114112K
  class space    used 6261K, committed 6848K, reserved 1048576K
}
Event: 38.875 GC heap after
{Heap after GC invocations=38 (full 3):
 PSYoungGen      total 20992K, used 0K [0x00000000d5580000, 0x00000000d7280000, 0x0000000100000000)
  eden space 18432K, 0% used [0x00000000d5580000,0x00000000d5580000,0x00000000d6780000)
  from space 2560K, 0% used [0x00000000d6780000,0x00000000d6780000,0x00000000d6a00000)
  to   space 5632K, 0% used [0x00000000d6d00000,0x00000000d6d00000,0x00000000d7280000)
 ParOldGen       total 68608K, used 44854K [0x0000000080000000, 0x0000000084300000, 0x00000000d5580000)
  object space 68608K, 65% used [0x0000000080000000,0x0000000082bcd900,0x0000000084300000)
 Metaspace       used 58441K, committed 59776K, reserved 1114112K
  class space    used 6261K, committed 6848K, reserved 1048576K
}

